Arguments: 
  /usr/bin/node /mnt/c/Users/Deiv/AppData/Roaming/npm/node_modules/yarn/bin/yarn.js install

PATH: 
  /home/deivitto/.cargo/bin:/usr/local/sbin:/usr/local/bin:/usr/sbin:/usr/bin:/sbin:/bin:/usr/games:/usr/local/games:/usr/lib/wsl/lib:/mnt/c/Windows/System32/WindowsPowerShell/v1.0/:/mnt/c/Program Files/ImageMagick-7.1.0-Q16-HDRI:/mnt/c/Program Files/Common Files/Oracle/Java/javapath:/mnt/c/Program Files (x86)/Common Files/Oracle/Java/javapath:/mnt/c/Windows/system32:/mnt/c/Windows:/mnt/c/Windows/System32/Wbem:/mnt/c/Windows/System32/OpenSSH/:/mnt/c/Program Files/Git/cmd:/mnt/c/Program Files/NVIDIA Corporation/NVIDIA NvDLISR:/mnt/c/Program Files/PuTTY/:/mnt/c/Program Files (x86)/NVIDIA Corporation/PhysX/Common:/mnt/c/Program Files/nodejs/:/mnt/c/ProgramData/chocolatey/bin:/mnt/c/WINDOWS/system32:/mnt/c/WINDOWS:/mnt/c/WINDOWS/System32/Wbem:/mnt/c/WINDOWS/System32/WindowsPowerShell/v1.0/:/mnt/c/WINDOWS/System32/OpenSSH/:/mnt/c/Program Files/Docker/Docker/resources/bin:/mnt/c/Users/Deiv/.cargo/bin:/mnt/c/Users/Deiv/AppData/Local/Programs/Python/Python310/Scripts/:/mnt/c/Users/Deiv/AppData/Local/Programs/Python/Python310/:/mnt/c/Users/Deiv/AppData/Local/Microsoft/WindowsApps:/mnt/c/Users/Deiv/AppData/Local/Programs/Microsoft VS Code/bin:/mnt/c/Program Files/CMake/bin:/mnt/c/Users/Deiv/AppData/Roaming/npm:/mnt/c/Users/Deiv/AppData/Local/Programs/Python/Python310/Scripts:/snap/bin

Yarn version: 
  1.22.19

Node version: 
  16.15.0

Platform: 
  linux x64

Trace: 
  SyntaxError: /home/deivitto/.cache/yarn/v6/npm-client-only-0.0.1-38bba5d403c41ab150bff64a95c85013cf73bca1-integrity/node_modules/client-only/.yarn-metadata.json: Unexpected end of JSON input
      at JSON.parse (<anonymous>)
      at /mnt/c/Users/Deiv/AppData/Roaming/npm/node_modules/yarn/lib/cli.js:1629:59
      at Generator.next (<anonymous>)
      at step (/mnt/c/Users/Deiv/AppData/Roaming/npm/node_modules/yarn/lib/cli.js:310:30)
      at /mnt/c/Users/Deiv/AppData/Roaming/npm/node_modules/yarn/lib/cli.js:321:13

npm manifest: 
  {
    "name": "nft-ui",
    "version": "0.1.0",
    "private": true,
    "dependencies": {
      "@chakra-ui/react": "^1.7.2",
      "@emotion/react": "^11.6.0",
      "@emotion/styled": "^11.6.0",
      "@headlessui/react": "^1.7.13",
      "@heroicons/react": "^2.0.16",
      "@sismo-core/zk-connect-react": "^0.0.2",
      "@testing-library/jest-dom": "^5.14.1",
      "@testing-library/react": "^11.2.7",
      "@testing-library/user-event": "^12.8.3",
      "autoprefixer": "^9.8.8",
      "ethers": "^5.7.2",
      "framer-motion": "^4.1.17",
      "patch-package": "^6.5.1",
      "postcss": "^8.4.21",
      "react": "^17.0.2",
      "react-dev-utils": "^12.0.1",
      "react-dom": "^17.0.2",
      "react-router-dom": "^6.9.0",
      "react-scripts": "^5.0.1",
      "react-slick": "^0.29.0",
      "styled-components": "^5.3.9",
      "web-vitals": "^1.1.2"
    },
    "scripts": {
      "watch": "node scripts/watch.js",
      "start": "CHOKIDAR_USEPOLLING=true react-scripts start --watch",
      "build": "react-scripts build",
      "test": "react-scripts test",
      "eject": "react-scripts eject",
      "postinstall": "patch-package"
    },
    "eslintConfig": {
      "extends": [
        "react-app",
        "react-app/jest"
      ]
    },
    "browserslist": {
      "production": [
        ">0.2%",
        "not dead",
        "not op_mini all"
      ],
      "development": [
        "last 1 chrome version",
        "last 1 firefox version",
        "last 1 safari version"
      ]
    },
    "devDependencies": {
      "@pmmmwh/react-refresh-webpack-plugin": "^0.5.10",
      "react-refresh": "^0.14.0",
      "tailwindcss": "^3.2.7"
    }
  }

yarn manifest: 
  No manifest

Lockfile: 
  No lockfile
